28-Jun-2024 18:45:25.879 INFO [main] org.apache.catalina.startup.VersionLoggerListener.log Nombre de la versión del servidor: Apache Tomcat/9.0.89
28-Jun-2024 18:45:25.885 INFO [main] org.apache.catalina.startup.VersionLoggerListener.log Server built:                      May 3 2024 20:22:11 UTC
28-Jun-2024 18:45:25.886 INFO [main] org.apache.catalina.startup.VersionLoggerListener.log Número de versión de servidor:     9.0.89.0
28-Jun-2024 18:45:25.886 INFO [main] org.apache.catalina.startup.VersionLoggerListener.log OS Name:                           Linux
28-Jun-2024 18:45:25.886 INFO [main] org.apache.catalina.startup.VersionLoggerListener.log Versión de Systema Operativo:      6.8.11-amd64
28-Jun-2024 18:45:25.886 INFO [main] org.apache.catalina.startup.VersionLoggerListener.log Arquitectura:                      amd64
28-Jun-2024 18:45:25.886 INFO [main] org.apache.catalina.startup.VersionLoggerListener.log Java Home:                         /home/vidic/.jdks/openjdk-22.0.1
28-Jun-2024 18:45:25.887 INFO [main] org.apache.catalina.startup.VersionLoggerListener.log JVM Version:                       22.0.1+8-16
28-Jun-2024 18:45:25.887 INFO [main] org.apache.catalina.startup.VersionLoggerListener.log Vededor JVM:                       Oracle Corporation
28-Jun-2024 18:45:25.887 INFO [main] org.apache.catalina.startup.VersionLoggerListener.log CATALINA_BASE:                     /home/vidic/Downloads/DWI-PROJECT
28-Jun-2024 18:45:25.887 INFO [main] org.apache.catalina.startup.VersionLoggerListener.log CATALINA_HOME:                     /home/vidic/Downloads/apache-tomcat-9.0.89
28-Jun-2024 18:45:25.899 INFO [main] org.apache.catalina.startup.VersionLoggerListener.log Command line argument:             --add-opens=java.base/java.lang=ALL-UNNAMED
28-Jun-2024 18:45:25.899 INFO [main] org.apache.catalina.startup.VersionLoggerListener.log Command line argument:             --add-opens=java.base/java.io=ALL-UNNAMED
28-Jun-2024 18:45:25.899 INFO [main] org.apache.catalina.startup.VersionLoggerListener.log Command line argument:             --add-opens=java.base/java.util=ALL-UNNAMED
28-Jun-2024 18:45:25.899 INFO [main] org.apache.catalina.startup.VersionLoggerListener.log Command line argument:             --add-opens=java.base/java.util.concurrent=ALL-UNNAMED
28-Jun-2024 18:45:25.899 INFO [main] org.apache.catalina.startup.VersionLoggerListener.log Command line argument:             --add-opens=java.rmi/sun.rmi.transport=ALL-UNNAMED
28-Jun-2024 18:45:25.900 INFO [main] org.apache.catalina.startup.VersionLoggerListener.log Command line argument:             -Dcatalina.home=/home/vidic/Downloads/apache-tomcat-9.0.89
28-Jun-2024 18:45:25.900 INFO [main] org.apache.catalina.startup.VersionLoggerListener.log Command line argument:             -Dcatalina.base=/home/vidic/Downloads/DWI-PROJECT
28-Jun-2024 18:45:25.900 INFO [main] org.apache.catalina.startup.VersionLoggerListener.log Command line argument:             -Djava.io.tmpdir=/home/vidic/Downloads/DWI-PROJECT/temp
28-Jun-2024 18:45:25.900 INFO [main] org.apache.catalina.startup.VersionLoggerListener.log Command line argument:             -Djava.util.logging.config.file=/home/vidic/Downloads/DWI-PROJECT/conf/logging.properties
28-Jun-2024 18:45:25.900 INFO [main] org.apache.catalina.startup.VersionLoggerListener.log Command line argument:             -Djava.util.logging.manager=org.apache.juli.ClassLoaderLogManager
28-Jun-2024 18:45:25.900 INFO [main] org.apache.catalina.startup.VersionLoggerListener.log Command line argument:             -javaagent:/opt/idea/lib/idea_rt.jar=32919:/opt/idea/bin
28-Jun-2024 18:45:25.900 INFO [main] org.apache.catalina.startup.VersionLoggerListener.log Command line argument:             -Dfile.encoding=UTF-8
28-Jun-2024 18:45:25.901 INFO [main] org.apache.catalina.startup.VersionLoggerListener.log Command line argument:             -Dsun.stdout.encoding=UTF-8
28-Jun-2024 18:45:25.901 INFO [main] org.apache.catalina.startup.VersionLoggerListener.log Command line argument:             -Dsun.stderr.encoding=UTF-8
28-Jun-2024 18:45:25.901 INFO [main] org.apache.catalina.startup.VersionLoggerListener.log Command line argument:             -Dawt.useSystemAAFontSettings=on
28-Jun-2024 18:45:25.901 INFO [main] org.apache.catalina.startup.VersionLoggerListener.log Command line argument:             -Dswing.aatext=true
28-Jun-2024 18:45:25.903 INFO [main] org.apache.catalina.core.AprLifecycleListener.lifecycleEvent La biblioteca nativa de Apache Tomcat basada en ARP que permite un rendimiento óptimo en entornos de desarrollo no ha sido hallada en java.library.path: [/usr/java/packages/lib:/usr/lib64:/lib64:/lib:/usr/lib]
28-Jun-2024 18:45:26.519 INFO [main] org.apache.coyote.AbstractProtocol.init Inicializando el manejador de protocolo ["http-nio-8080"]

28-Jun-2024 18:45:26.546 INFO [main] org.apache.catalina.startup.Catalina.load Server initialization in [1104] milliseconds
28-Jun-2024 18:45:26.624 INFO [main] org.apache.catalina.core.StandardService.startInternal Arrancando servicio [Catalina]
28-Jun-2024 18:45:26.624 INFO [main] org.apache.catalina.core.StandardEngine.startInternal Starting Servlet engine: [Apache Tomcat/9.0.89]
28-Jun-2024 18:45:26.639 INFO [main] org.apache.catalina.startup.HostConfig.deployDescriptor Desplieque del descriptor de configuración [/home/vidic/Downloads/DWI-PROJECT/conf/Catalina/localhost/DWI-PROJECT.xml]
28-Jun-2024 18:45:27.414 INFO [main] org.apache.jasper.servlet.TldScanner.scanJars Al menos un JAR, que se ha explorado buscando TLDs, aún no contenía TLDs. Activar historial de depuración para este historiador para una completa lista de los JARs que fueron explorados y de los que nos se halló TLDs. Saltarse JARs no necesarios durante la exploración puede dar lugar a una mejora de tiempo significativa en el arranque y compilación de JSP .
28-Jun-2024 18:45:27.493 INFO [main] org.apache.catalina.startup.HostConfig.deployDescriptor Deployment of deployment descriptor [/home/vidic/Downloads/DWI-PROJECT/conf/Catalina/localhost/DWI-PROJECT.xml] has finished in [849] ms
28-Jun-2024 18:45:27.499 INFO [main] org.apache.coyote.AbstractProtocol.start Starting ProtocolHandler ["http-nio-8080"]
28-Jun-2024 18:45:27.512 INFO [main] org.apache.catalina.startup.Catalina.start Server startup in [963] milliseconds
28-Jun-2024 18:45:40.531 INFO [Thread-1] org.apache.coyote.AbstractProtocol.pause Pausing ProtocolHandler ["http-nio-8080"]
28-Jun-2024 18:45:40.533 INFO [Thread-1] org.apache.catalina.core.StandardService.stopInternal Parando servicio [Catalina]
28-Jun-2024 18:45:40.554 INFO [Thread-1] org.apache.coyote.AbstractProtocol.stop Stopping ProtocolHandler ["http-nio-8080"]
28-Jun-2024 18:45:40.557 INFO [Thread-1] org.apache.coyote.AbstractProtocol.destroy Destroying ProtocolHandler ["http-nio-8080"]
28-Jun-2024 18:49:17.423 INFO [main] org.apache.catalina.startup.VersionLoggerListener.log Nombre de la versión del servidor: Apache Tomcat/9.0.89
28-Jun-2024 18:49:17.430 INFO [main] org.apache.catalina.startup.VersionLoggerListener.log Server built:                      May 3 2024 20:22:11 UTC
28-Jun-2024 18:49:17.431 INFO [main] org.apache.catalina.startup.VersionLoggerListener.log Número de versión de servidor:     9.0.89.0
28-Jun-2024 18:49:17.431 INFO [main] org.apache.catalina.startup.VersionLoggerListener.log OS Name:                           Linux
28-Jun-2024 18:49:17.431 INFO [main] org.apache.catalina.startup.VersionLoggerListener.log Versión de Systema Operativo:      6.8.11-amd64
28-Jun-2024 18:49:17.431 INFO [main] org.apache.catalina.startup.VersionLoggerListener.log Arquitectura:                      amd64
28-Jun-2024 18:49:17.432 INFO [main] org.apache.catalina.startup.VersionLoggerListener.log Java Home:                         /home/vidic/.jdks/openjdk-22.0.1
28-Jun-2024 18:49:17.433 INFO [main] org.apache.catalina.startup.VersionLoggerListener.log JVM Version:                       22.0.1+8-16
28-Jun-2024 18:49:17.433 INFO [main] org.apache.catalina.startup.VersionLoggerListener.log Vededor JVM:                       Oracle Corporation
28-Jun-2024 18:49:17.434 INFO [main] org.apache.catalina.startup.VersionLoggerListener.log CATALINA_BASE:                     /home/vidic/Downloads/DWI-PROJECT
28-Jun-2024 18:49:17.434 INFO [main] org.apache.catalina.startup.VersionLoggerListener.log CATALINA_HOME:                     /home/vidic/Downloads/apache-tomcat-9.0.89
28-Jun-2024 18:49:17.444 INFO [main] org.apache.catalina.startup.VersionLoggerListener.log Command line argument:             --add-opens=java.base/java.lang=ALL-UNNAMED
28-Jun-2024 18:49:17.444 INFO [main] org.apache.catalina.startup.VersionLoggerListener.log Command line argument:             --add-opens=java.base/java.io=ALL-UNNAMED
28-Jun-2024 18:49:17.445 INFO [main] org.apache.catalina.startup.VersionLoggerListener.log Command line argument:             --add-opens=java.base/java.util=ALL-UNNAMED
28-Jun-2024 18:49:17.445 INFO [main] org.apache.catalina.startup.VersionLoggerListener.log Command line argument:             --add-opens=java.base/java.util.concurrent=ALL-UNNAMED
28-Jun-2024 18:49:17.445 INFO [main] org.apache.catalina.startup.VersionLoggerListener.log Command line argument:             --add-opens=java.rmi/sun.rmi.transport=ALL-UNNAMED
28-Jun-2024 18:49:17.445 INFO [main] org.apache.catalina.startup.VersionLoggerListener.log Command line argument:             -Dcatalina.home=/home/vidic/Downloads/apache-tomcat-9.0.89
28-Jun-2024 18:49:17.445 INFO [main] org.apache.catalina.startup.VersionLoggerListener.log Command line argument:             -Dcatalina.base=/home/vidic/Downloads/DWI-PROJECT
28-Jun-2024 18:49:17.445 INFO [main] org.apache.catalina.startup.VersionLoggerListener.log Command line argument:             -Djava.io.tmpdir=/home/vidic/Downloads/DWI-PROJECT/temp
28-Jun-2024 18:49:17.446 INFO [main] org.apache.catalina.startup.VersionLoggerListener.log Command line argument:             -Djava.util.logging.config.file=/home/vidic/Downloads/DWI-PROJECT/conf/logging.properties
28-Jun-2024 18:49:17.446 INFO [main] org.apache.catalina.startup.VersionLoggerListener.log Command line argument:             -Djava.util.logging.manager=org.apache.juli.ClassLoaderLogManager
28-Jun-2024 18:49:17.446 INFO [main] org.apache.catalina.startup.VersionLoggerListener.log Command line argument:             -javaagent:/opt/idea/lib/idea_rt.jar=39051:/opt/idea/bin
28-Jun-2024 18:49:17.446 INFO [main] org.apache.catalina.startup.VersionLoggerListener.log Command line argument:             -Dfile.encoding=UTF-8
28-Jun-2024 18:49:17.446 INFO [main] org.apache.catalina.startup.VersionLoggerListener.log Command line argument:             -Dsun.stdout.encoding=UTF-8
28-Jun-2024 18:49:17.446 INFO [main] org.apache.catalina.startup.VersionLoggerListener.log Command line argument:             -Dsun.stderr.encoding=UTF-8
28-Jun-2024 18:49:17.447 INFO [main] org.apache.catalina.startup.VersionLoggerListener.log Command line argument:             -Dawt.useSystemAAFontSettings=on
28-Jun-2024 18:49:17.447 INFO [main] org.apache.catalina.startup.VersionLoggerListener.log Command line argument:             -Dswing.aatext=true
28-Jun-2024 18:49:17.449 INFO [main] org.apache.catalina.core.AprLifecycleListener.lifecycleEvent La biblioteca nativa de Apache Tomcat basada en ARP que permite un rendimiento óptimo en entornos de desarrollo no ha sido hallada en java.library.path: [/usr/java/packages/lib:/usr/lib64:/lib64:/lib:/usr/lib]
28-Jun-2024 18:49:18.064 INFO [main] org.apache.coyote.AbstractProtocol.init Inicializando el manejador de protocolo ["http-nio-8080"]

28-Jun-2024 18:49:18.095 INFO [main] org.apache.catalina.startup.Catalina.load Server initialization in [1175] milliseconds
28-Jun-2024 18:49:18.170 INFO [main] org.apache.catalina.core.StandardService.startInternal Arrancando servicio [Catalina]
28-Jun-2024 18:49:18.170 INFO [main] org.apache.catalina.core.StandardEngine.startInternal Starting Servlet engine: [Apache Tomcat/9.0.89]
28-Jun-2024 18:49:18.181 INFO [main] org.apache.catalina.startup.HostConfig.deployDescriptor Desplieque del descriptor de configuración [/home/vidic/Downloads/DWI-PROJECT/conf/Catalina/localhost/DWI-PROJECT.xml]
28-Jun-2024 18:49:18.750 INFO [main] org.apache.jasper.servlet.TldScanner.scanJars Al menos un JAR, que se ha explorado buscando TLDs, aún no contenía TLDs. Activar historial de depuración para este historiador para una completa lista de los JARs que fueron explorados y de los que nos se halló TLDs. Saltarse JARs no necesarios durante la exploración puede dar lugar a una mejora de tiempo significativa en el arranque y compilación de JSP .
28-Jun-2024 18:49:18.833 INFO [main] org.apache.catalina.startup.HostConfig.deployDescriptor Deployment of deployment descriptor [/home/vidic/Downloads/DWI-PROJECT/conf/Catalina/localhost/DWI-PROJECT.xml] has finished in [648] ms
28-Jun-2024 18:49:18.839 INFO [main] org.apache.coyote.AbstractProtocol.start Starting ProtocolHandler ["http-nio-8080"]
28-Jun-2024 18:49:18.852 INFO [main] org.apache.catalina.startup.Catalina.start Server startup in [754] milliseconds
28-Jun-2024 18:54:36.360 INFO [Thread-1] org.apache.coyote.AbstractProtocol.pause Pausing ProtocolHandler ["http-nio-8080"]
28-Jun-2024 18:54:36.363 INFO [Thread-1] org.apache.catalina.core.StandardService.stopInternal Parando servicio [Catalina]
28-Jun-2024 18:54:36.384 INFO [Thread-1] org.apache.coyote.AbstractProtocol.stop Stopping ProtocolHandler ["http-nio-8080"]
28-Jun-2024 18:54:36.398 INFO [Thread-1] org.apache.coyote.AbstractProtocol.destroy Destroying ProtocolHandler ["http-nio-8080"]
28-Jun-2024 18:54:39.085 INFO [main] org.apache.catalina.startup.VersionLoggerListener.log Nombre de la versión del servidor: Apache Tomcat/9.0.89
28-Jun-2024 18:54:39.091 INFO [main] org.apache.catalina.startup.VersionLoggerListener.log Server built:                      May 3 2024 20:22:11 UTC
28-Jun-2024 18:54:39.092 INFO [main] org.apache.catalina.startup.VersionLoggerListener.log Número de versión de servidor:     9.0.89.0
28-Jun-2024 18:54:39.092 INFO [main] org.apache.catalina.startup.VersionLoggerListener.log OS Name:                           Linux
28-Jun-2024 18:54:39.092 INFO [main] org.apache.catalina.startup.VersionLoggerListener.log Versión de Systema Operativo:      6.8.11-amd64
28-Jun-2024 18:54:39.092 INFO [main] org.apache.catalina.startup.VersionLoggerListener.log Arquitectura:                      amd64
28-Jun-2024 18:54:39.092 INFO [main] org.apache.catalina.startup.VersionLoggerListener.log Java Home:                         /home/vidic/.jdks/openjdk-22.0.1
28-Jun-2024 18:54:39.093 INFO [main] org.apache.catalina.startup.VersionLoggerListener.log JVM Version:                       22.0.1+8-16
28-Jun-2024 18:54:39.093 INFO [main] org.apache.catalina.startup.VersionLoggerListener.log Vededor JVM:                       Oracle Corporation
28-Jun-2024 18:54:39.093 INFO [main] org.apache.catalina.startup.VersionLoggerListener.log CATALINA_BASE:                     /home/vidic/Downloads/DWI-PROJECT
28-Jun-2024 18:54:39.093 INFO [main] org.apache.catalina.startup.VersionLoggerListener.log CATALINA_HOME:                     /home/vidic/Downloads/apache-tomcat-9.0.89
28-Jun-2024 18:54:39.102 INFO [main] org.apache.catalina.startup.VersionLoggerListener.log Command line argument:             --add-opens=java.base/java.lang=ALL-UNNAMED
28-Jun-2024 18:54:39.102 INFO [main] org.apache.catalina.startup.VersionLoggerListener.log Command line argument:             --add-opens=java.base/java.io=ALL-UNNAMED
28-Jun-2024 18:54:39.102 INFO [main] org.apache.catalina.startup.VersionLoggerListener.log Command line argument:             --add-opens=java.base/java.util=ALL-UNNAMED
28-Jun-2024 18:54:39.103 INFO [main] org.apache.catalina.startup.VersionLoggerListener.log Command line argument:             --add-opens=java.base/java.util.concurrent=ALL-UNNAMED
28-Jun-2024 18:54:39.103 INFO [main] org.apache.catalina.startup.VersionLoggerListener.log Command line argument:             --add-opens=java.rmi/sun.rmi.transport=ALL-UNNAMED
28-Jun-2024 18:54:39.103 INFO [main] org.apache.catalina.startup.VersionLoggerListener.log Command line argument:             -Dcatalina.home=/home/vidic/Downloads/apache-tomcat-9.0.89
28-Jun-2024 18:54:39.103 INFO [main] org.apache.catalina.startup.VersionLoggerListener.log Command line argument:             -Dcatalina.base=/home/vidic/Downloads/DWI-PROJECT
28-Jun-2024 18:54:39.103 INFO [main] org.apache.catalina.startup.VersionLoggerListener.log Command line argument:             -Djava.io.tmpdir=/home/vidic/Downloads/DWI-PROJECT/temp
28-Jun-2024 18:54:39.103 INFO [main] org.apache.catalina.startup.VersionLoggerListener.log Command line argument:             -Djava.util.logging.config.file=/home/vidic/Downloads/DWI-PROJECT/conf/logging.properties
28-Jun-2024 18:54:39.103 INFO [main] org.apache.catalina.startup.VersionLoggerListener.log Command line argument:             -Djava.util.logging.manager=org.apache.juli.ClassLoaderLogManager
28-Jun-2024 18:54:39.103 INFO [main] org.apache.catalina.startup.VersionLoggerListener.log Command line argument:             -javaagent:/opt/idea/lib/idea_rt.jar=45357:/opt/idea/bin
28-Jun-2024 18:54:39.103 INFO [main] org.apache.catalina.startup.VersionLoggerListener.log Command line argument:             -Dfile.encoding=UTF-8
28-Jun-2024 18:54:39.103 INFO [main] org.apache.catalina.startup.VersionLoggerListener.log Command line argument:             -Dsun.stdout.encoding=UTF-8
28-Jun-2024 18:54:39.104 INFO [main] org.apache.catalina.startup.VersionLoggerListener.log Command line argument:             -Dsun.stderr.encoding=UTF-8
28-Jun-2024 18:54:39.104 INFO [main] org.apache.catalina.startup.VersionLoggerListener.log Command line argument:             -Dawt.useSystemAAFontSettings=on
28-Jun-2024 18:54:39.104 INFO [main] org.apache.catalina.startup.VersionLoggerListener.log Command line argument:             -Dswing.aatext=true
28-Jun-2024 18:54:39.106 INFO [main] org.apache.catalina.core.AprLifecycleListener.lifecycleEvent La biblioteca nativa de Apache Tomcat basada en ARP que permite un rendimiento óptimo en entornos de desarrollo no ha sido hallada en java.library.path: [/usr/java/packages/lib:/usr/lib64:/lib64:/lib:/usr/lib]
28-Jun-2024 18:54:39.794 INFO [main] org.apache.coyote.AbstractProtocol.init Inicializando el manejador de protocolo ["http-nio-8080"]

28-Jun-2024 18:54:39.832 INFO [main] org.apache.catalina.startup.Catalina.load Server initialization in [1139] milliseconds
28-Jun-2024 18:54:39.928 INFO [main] org.apache.catalina.core.StandardService.startInternal Arrancando servicio [Catalina]
28-Jun-2024 18:54:39.928 INFO [main] org.apache.catalina.core.StandardEngine.startInternal Starting Servlet engine: [Apache Tomcat/9.0.89]
28-Jun-2024 18:54:39.946 INFO [main] org.apache.catalina.startup.HostConfig.deployDescriptor Desplieque del descriptor de configuración [/home/vidic/Downloads/DWI-PROJECT/conf/Catalina/localhost/DWI-PROJECT.xml]
28-Jun-2024 18:54:40.699 INFO [main] org.apache.jasper.servlet.TldScanner.scanJars Al menos un JAR, que se ha explorado buscando TLDs, aún no contenía TLDs. Activar historial de depuración para este historiador para una completa lista de los JARs que fueron explorados y de los que nos se halló TLDs. Saltarse JARs no necesarios durante la exploración puede dar lugar a una mejora de tiempo significativa en el arranque y compilación de JSP .
28-Jun-2024 18:54:40.755 INFO [main] org.apache.catalina.startup.HostConfig.deployDescriptor Deployment of deployment descriptor [/home/vidic/Downloads/DWI-PROJECT/conf/Catalina/localhost/DWI-PROJECT.xml] has finished in [806] ms
28-Jun-2024 18:54:40.760 INFO [main] org.apache.coyote.AbstractProtocol.start Starting ProtocolHandler ["http-nio-8080"]
28-Jun-2024 18:54:40.769 INFO [main] org.apache.catalina.startup.Catalina.start Server startup in [934] milliseconds
28-Jun-2024 18:55:10.980 INFO [Thread-1] org.apache.coyote.AbstractProtocol.pause Pausing ProtocolHandler ["http-nio-8080"]
28-Jun-2024 18:55:10.982 INFO [Thread-1] org.apache.catalina.core.StandardService.stopInternal Parando servicio [Catalina]
28-Jun-2024 18:55:11.000 INFO [Thread-1] org.apache.coyote.AbstractProtocol.stop Stopping ProtocolHandler ["http-nio-8080"]
28-Jun-2024 18:55:11.006 INFO [Thread-1] org.apache.coyote.AbstractProtocol.destroy Destroying ProtocolHandler ["http-nio-8080"]
28-Jun-2024 18:55:12.915 INFO [main] org.apache.catalina.startup.VersionLoggerListener.log Nombre de la versión del servidor: Apache Tomcat/9.0.89
28-Jun-2024 18:55:12.921 INFO [main] org.apache.catalina.startup.VersionLoggerListener.log Server built:                      May 3 2024 20:22:11 UTC
28-Jun-2024 18:55:12.921 INFO [main] org.apache.catalina.startup.VersionLoggerListener.log Número de versión de servidor:     9.0.89.0
28-Jun-2024 18:55:12.921 INFO [main] org.apache.catalina.startup.VersionLoggerListener.log OS Name:                           Linux
28-Jun-2024 18:55:12.921 INFO [main] org.apache.catalina.startup.VersionLoggerListener.log Versión de Systema Operativo:      6.8.11-amd64
28-Jun-2024 18:55:12.921 INFO [main] org.apache.catalina.startup.VersionLoggerListener.log Arquitectura:                      amd64
28-Jun-2024 18:55:12.921 INFO [main] org.apache.catalina.startup.VersionLoggerListener.log Java Home:                         /home/vidic/.jdks/openjdk-22.0.1
28-Jun-2024 18:55:12.921 INFO [main] org.apache.catalina.startup.VersionLoggerListener.log JVM Version:                       22.0.1+8-16
28-Jun-2024 18:55:12.922 INFO [main] org.apache.catalina.startup.VersionLoggerListener.log Vededor JVM:                       Oracle Corporation
28-Jun-2024 18:55:12.922 INFO [main] org.apache.catalina.startup.VersionLoggerListener.log CATALINA_BASE:                     /home/vidic/Downloads/DWI-PROJECT
28-Jun-2024 18:55:12.922 INFO [main] org.apache.catalina.startup.VersionLoggerListener.log CATALINA_HOME:                     /home/vidic/Downloads/apache-tomcat-9.0.89
28-Jun-2024 18:55:12.929 INFO [main] org.apache.catalina.startup.VersionLoggerListener.log Command line argument:             --add-opens=java.base/java.lang=ALL-UNNAMED
28-Jun-2024 18:55:12.930 INFO [main] org.apache.catalina.startup.VersionLoggerListener.log Command line argument:             --add-opens=java.base/java.io=ALL-UNNAMED
28-Jun-2024 18:55:12.930 INFO [main] org.apache.catalina.startup.VersionLoggerListener.log Command line argument:             --add-opens=java.base/java.util=ALL-UNNAMED
28-Jun-2024 18:55:12.930 INFO [main] org.apache.catalina.startup.VersionLoggerListener.log Command line argument:             --add-opens=java.base/java.util.concurrent=ALL-UNNAMED
28-Jun-2024 18:55:12.930 INFO [main] org.apache.catalina.startup.VersionLoggerListener.log Command line argument:             --add-opens=java.rmi/sun.rmi.transport=ALL-UNNAMED
28-Jun-2024 18:55:12.930 INFO [main] org.apache.catalina.startup.VersionLoggerListener.log Command line argument:             -Dcatalina.home=/home/vidic/Downloads/apache-tomcat-9.0.89
28-Jun-2024 18:55:12.930 INFO [main] org.apache.catalina.startup.VersionLoggerListener.log Command line argument:             -Dcatalina.base=/home/vidic/Downloads/DWI-PROJECT
28-Jun-2024 18:55:12.930 INFO [main] org.apache.catalina.startup.VersionLoggerListener.log Command line argument:             -Djava.io.tmpdir=/home/vidic/Downloads/DWI-PROJECT/temp
28-Jun-2024 18:55:12.930 INFO [main] org.apache.catalina.startup.VersionLoggerListener.log Command line argument:             -Djava.util.logging.config.file=/home/vidic/Downloads/DWI-PROJECT/conf/logging.properties
28-Jun-2024 18:55:12.931 INFO [main] org.apache.catalina.startup.VersionLoggerListener.log Command line argument:             -Djava.util.logging.manager=org.apache.juli.ClassLoaderLogManager
28-Jun-2024 18:55:12.931 INFO [main] org.apache.catalina.startup.VersionLoggerListener.log Command line argument:             -javaagent:/opt/idea/lib/idea_rt.jar=36477:/opt/idea/bin
28-Jun-2024 18:55:12.931 INFO [main] org.apache.catalina.startup.VersionLoggerListener.log Command line argument:             -Dfile.encoding=UTF-8
28-Jun-2024 18:55:12.931 INFO [main] org.apache.catalina.startup.VersionLoggerListener.log Command line argument:             -Dsun.stdout.encoding=UTF-8
28-Jun-2024 18:55:12.931 INFO [main] org.apache.catalina.startup.VersionLoggerListener.log Command line argument:             -Dsun.stderr.encoding=UTF-8
28-Jun-2024 18:55:12.931 INFO [main] org.apache.catalina.startup.VersionLoggerListener.log Command line argument:             -Dawt.useSystemAAFontSettings=on
28-Jun-2024 18:55:12.931 INFO [main] org.apache.catalina.startup.VersionLoggerListener.log Command line argument:             -Dswing.aatext=true
28-Jun-2024 18:55:12.933 INFO [main] org.apache.catalina.core.AprLifecycleListener.lifecycleEvent La biblioteca nativa de Apache Tomcat basada en ARP que permite un rendimiento óptimo en entornos de desarrollo no ha sido hallada en java.library.path: [/usr/java/packages/lib:/usr/lib64:/lib64:/lib:/usr/lib]
28-Jun-2024 18:55:13.450 INFO [main] org.apache.coyote.AbstractProtocol.init Inicializando el manejador de protocolo ["http-nio-8080"]

28-Jun-2024 18:55:13.476 INFO [main] org.apache.catalina.startup.Catalina.load Server initialization in [942] milliseconds
28-Jun-2024 18:55:13.534 INFO [main] org.apache.catalina.core.StandardService.startInternal Arrancando servicio [Catalina]
28-Jun-2024 18:55:13.534 INFO [main] org.apache.catalina.core.StandardEngine.startInternal Starting Servlet engine: [Apache Tomcat/9.0.89]
28-Jun-2024 18:55:13.544 INFO [main] org.apache.catalina.startup.HostConfig.deployDescriptor Desplieque del descriptor de configuración [/home/vidic/Downloads/DWI-PROJECT/conf/Catalina/localhost/DWI-PROJECT.xml]
28-Jun-2024 18:55:14.027 INFO [main] org.apache.jasper.servlet.TldScanner.scanJars Al menos un JAR, que se ha explorado buscando TLDs, aún no contenía TLDs. Activar historial de depuración para este historiador para una completa lista de los JARs que fueron explorados y de los que nos se halló TLDs. Saltarse JARs no necesarios durante la exploración puede dar lugar a una mejora de tiempo significativa en el arranque y compilación de JSP .
28-Jun-2024 18:55:14.074 INFO [main] org.apache.catalina.startup.HostConfig.deployDescriptor Deployment of deployment descriptor [/home/vidic/Downloads/DWI-PROJECT/conf/Catalina/localhost/DWI-PROJECT.xml] has finished in [527] ms
28-Jun-2024 18:55:14.078 INFO [main] org.apache.coyote.AbstractProtocol.start Starting ProtocolHandler ["http-nio-8080"]
28-Jun-2024 18:55:14.087 INFO [main] org.apache.catalina.startup.Catalina.start Server startup in [609] milliseconds
28-Jun-2024 18:59:17.552 INFO [Thread-1] org.apache.coyote.AbstractProtocol.pause Pausing ProtocolHandler ["http-nio-8080"]
28-Jun-2024 18:59:17.553 INFO [Thread-1] org.apache.catalina.core.StandardService.stopInternal Parando servicio [Catalina]
28-Jun-2024 18:59:17.565 INFO [Thread-1] org.apache.coyote.AbstractProtocol.stop Stopping ProtocolHandler ["http-nio-8080"]
28-Jun-2024 18:59:17.577 INFO [Thread-1] org.apache.coyote.AbstractProtocol.destroy Destroying ProtocolHandler ["http-nio-8080"]
28-Jun-2024 18:59:19.466 INFO [main] org.apache.catalina.startup.VersionLoggerListener.log Nombre de la versión del servidor: Apache Tomcat/9.0.89
28-Jun-2024 18:59:19.471 INFO [main] org.apache.catalina.startup.VersionLoggerListener.log Server built:                      May 3 2024 20:22:11 UTC
28-Jun-2024 18:59:19.472 INFO [main] org.apache.catalina.startup.VersionLoggerListener.log Número de versión de servidor:     9.0.89.0
28-Jun-2024 18:59:19.472 INFO [main] org.apache.catalina.startup.VersionLoggerListener.log OS Name:                           Linux
28-Jun-2024 18:59:19.472 INFO [main] org.apache.catalina.startup.VersionLoggerListener.log Versión de Systema Operativo:      6.8.11-amd64
28-Jun-2024 18:59:19.472 INFO [main] org.apache.catalina.startup.VersionLoggerListener.log Arquitectura:                      amd64
28-Jun-2024 18:59:19.472 INFO [main] org.apache.catalina.startup.VersionLoggerListener.log Java Home:                         /home/vidic/.jdks/openjdk-22.0.1
28-Jun-2024 18:59:19.472 INFO [main] org.apache.catalina.startup.VersionLoggerListener.log JVM Version:                       22.0.1+8-16
28-Jun-2024 18:59:19.473 INFO [main] org.apache.catalina.startup.VersionLoggerListener.log Vededor JVM:                       Oracle Corporation
28-Jun-2024 18:59:19.473 INFO [main] org.apache.catalina.startup.VersionLoggerListener.log CATALINA_BASE:                     /home/vidic/Downloads/DWI-PROJECT
28-Jun-2024 18:59:19.473 INFO [main] org.apache.catalina.startup.VersionLoggerListener.log CATALINA_HOME:                     /home/vidic/Downloads/apache-tomcat-9.0.89
28-Jun-2024 18:59:19.484 INFO [main] org.apache.catalina.startup.VersionLoggerListener.log Command line argument:             --add-opens=java.base/java.lang=ALL-UNNAMED
28-Jun-2024 18:59:19.484 INFO [main] org.apache.catalina.startup.VersionLoggerListener.log Command line argument:             --add-opens=java.base/java.io=ALL-UNNAMED
28-Jun-2024 18:59:19.487 INFO [main] org.apache.catalina.startup.VersionLoggerListener.log Command line argument:             --add-opens=java.base/java.util=ALL-UNNAMED
28-Jun-2024 18:59:19.487 INFO [main] org.apache.catalina.startup.VersionLoggerListener.log Command line argument:             --add-opens=java.base/java.util.concurrent=ALL-UNNAMED
28-Jun-2024 18:59:19.488 INFO [main] org.apache.catalina.startup.VersionLoggerListener.log Command line argument:             --add-opens=java.rmi/sun.rmi.transport=ALL-UNNAMED
28-Jun-2024 18:59:19.488 INFO [main] org.apache.catalina.startup.VersionLoggerListener.log Command line argument:             -Dcatalina.home=/home/vidic/Downloads/apache-tomcat-9.0.89
28-Jun-2024 18:59:19.488 INFO [main] org.apache.catalina.startup.VersionLoggerListener.log Command line argument:             -Dcatalina.base=/home/vidic/Downloads/DWI-PROJECT
28-Jun-2024 18:59:19.488 INFO [main] org.apache.catalina.startup.VersionLoggerListener.log Command line argument:             -Djava.io.tmpdir=/home/vidic/Downloads/DWI-PROJECT/temp
28-Jun-2024 18:59:19.488 INFO [main] org.apache.catalina.startup.VersionLoggerListener.log Command line argument:             -Djava.util.logging.config.file=/home/vidic/Downloads/DWI-PROJECT/conf/logging.properties
28-Jun-2024 18:59:19.488 INFO [main] org.apache.catalina.startup.VersionLoggerListener.log Command line argument:             -Djava.util.logging.manager=org.apache.juli.ClassLoaderLogManager
28-Jun-2024 18:59:19.488 INFO [main] org.apache.catalina.startup.VersionLoggerListener.log Command line argument:             -javaagent:/opt/idea/lib/idea_rt.jar=46617:/opt/idea/bin
28-Jun-2024 18:59:19.488 INFO [main] org.apache.catalina.startup.VersionLoggerListener.log Command line argument:             -Dfile.encoding=UTF-8
28-Jun-2024 18:59:19.488 INFO [main] org.apache.catalina.startup.VersionLoggerListener.log Command line argument:             -Dsun.stdout.encoding=UTF-8
28-Jun-2024 18:59:19.488 INFO [main] org.apache.catalina.startup.VersionLoggerListener.log Command line argument:             -Dsun.stderr.encoding=UTF-8
28-Jun-2024 18:59:19.490 INFO [main] org.apache.catalina.startup.VersionLoggerListener.log Command line argument:             -Dawt.useSystemAAFontSettings=on
28-Jun-2024 18:59:19.490 INFO [main] org.apache.catalina.startup.VersionLoggerListener.log Command line argument:             -Dswing.aatext=true
28-Jun-2024 18:59:19.492 INFO [main] org.apache.catalina.core.AprLifecycleListener.lifecycleEvent La biblioteca nativa de Apache Tomcat basada en ARP que permite un rendimiento óptimo en entornos de desarrollo no ha sido hallada en java.library.path: [/usr/java/packages/lib:/usr/lib64:/lib64:/lib:/usr/lib]
28-Jun-2024 18:59:20.118 INFO [main] org.apache.coyote.AbstractProtocol.init Inicializando el manejador de protocolo ["http-nio-8080"]

28-Jun-2024 18:59:20.146 INFO [main] org.apache.catalina.startup.Catalina.load Server initialization in [1138] milliseconds
28-Jun-2024 18:59:20.211 INFO [main] org.apache.catalina.core.StandardService.startInternal Arrancando servicio [Catalina]
28-Jun-2024 18:59:20.211 INFO [main] org.apache.catalina.core.StandardEngine.startInternal Starting Servlet engine: [Apache Tomcat/9.0.89]
28-Jun-2024 18:59:20.223 INFO [main] org.apache.catalina.startup.HostConfig.deployDescriptor Desplieque del descriptor de configuración [/home/vidic/Downloads/DWI-PROJECT/conf/Catalina/localhost/DWI-PROJECT.xml]
28-Jun-2024 18:59:20.749 INFO [main] org.apache.jasper.servlet.TldScanner.scanJars Al menos un JAR, que se ha explorado buscando TLDs, aún no contenía TLDs. Activar historial de depuración para este historiador para una completa lista de los JARs que fueron explorados y de los que nos se halló TLDs. Saltarse JARs no necesarios durante la exploración puede dar lugar a una mejora de tiempo significativa en el arranque y compilación de JSP .
28-Jun-2024 18:59:20.805 INFO [main] org.apache.catalina.startup.HostConfig.deployDescriptor Deployment of deployment descriptor [/home/vidic/Downloads/DWI-PROJECT/conf/Catalina/localhost/DWI-PROJECT.xml] has finished in [579] ms
28-Jun-2024 18:59:20.809 INFO [main] org.apache.coyote.AbstractProtocol.start Starting ProtocolHandler ["http-nio-8080"]
28-Jun-2024 18:59:20.819 INFO [main] org.apache.catalina.startup.Catalina.start Server startup in [670] milliseconds
28-Jun-2024 19:00:55.957 INFO [Thread-1] org.apache.coyote.AbstractProtocol.pause Pausing ProtocolHandler ["http-nio-8080"]
28-Jun-2024 19:00:55.959 INFO [Thread-1] org.apache.catalina.core.StandardService.stopInternal Parando servicio [Catalina]
28-Jun-2024 19:00:55.978 INFO [Thread-1] org.apache.coyote.AbstractProtocol.stop Stopping ProtocolHandler ["http-nio-8080"]
28-Jun-2024 19:00:55.982 INFO [Thread-1] org.apache.coyote.AbstractProtocol.destroy Destroying ProtocolHandler ["http-nio-8080"]
28-Jun-2024 19:00:57.769 INFO [main] org.apache.catalina.startup.VersionLoggerListener.log Nombre de la versión del servidor: Apache Tomcat/9.0.89
28-Jun-2024 19:00:57.776 INFO [main] org.apache.catalina.startup.VersionLoggerListener.log Server built:                      May 3 2024 20:22:11 UTC
28-Jun-2024 19:00:57.777 INFO [main] org.apache.catalina.startup.VersionLoggerListener.log Número de versión de servidor:     9.0.89.0
28-Jun-2024 19:00:57.777 INFO [main] org.apache.catalina.startup.VersionLoggerListener.log OS Name:                           Linux
28-Jun-2024 19:00:57.777 INFO [main] org.apache.catalina.startup.VersionLoggerListener.log Versión de Systema Operativo:      6.8.11-amd64
28-Jun-2024 19:00:57.778 INFO [main] org.apache.catalina.startup.VersionLoggerListener.log Arquitectura:                      amd64
28-Jun-2024 19:00:57.778 INFO [main] org.apache.catalina.startup.VersionLoggerListener.log Java Home:                         /home/vidic/.jdks/openjdk-22.0.1
28-Jun-2024 19:00:57.778 INFO [main] org.apache.catalina.startup.VersionLoggerListener.log JVM Version:                       22.0.1+8-16
28-Jun-2024 19:00:57.778 INFO [main] org.apache.catalina.startup.VersionLoggerListener.log Vededor JVM:                       Oracle Corporation
28-Jun-2024 19:00:57.778 INFO [main] org.apache.catalina.startup.VersionLoggerListener.log CATALINA_BASE:                     /home/vidic/Downloads/DWI-PROJECT
28-Jun-2024 19:00:57.778 INFO [main] org.apache.catalina.startup.VersionLoggerListener.log CATALINA_HOME:                     /home/vidic/Downloads/apache-tomcat-9.0.89
28-Jun-2024 19:00:57.793 INFO [main] org.apache.catalina.startup.VersionLoggerListener.log Command line argument:             --add-opens=java.base/java.lang=ALL-UNNAMED
28-Jun-2024 19:00:57.793 INFO [main] org.apache.catalina.startup.VersionLoggerListener.log Command line argument:             --add-opens=java.base/java.io=ALL-UNNAMED
28-Jun-2024 19:00:57.793 INFO [main] org.apache.catalina.startup.VersionLoggerListener.log Command line argument:             --add-opens=java.base/java.util=ALL-UNNAMED
28-Jun-2024 19:00:57.793 INFO [main] org.apache.catalina.startup.VersionLoggerListener.log Command line argument:             --add-opens=java.base/java.util.concurrent=ALL-UNNAMED
28-Jun-2024 19:00:57.794 INFO [main] org.apache.catalina.startup.VersionLoggerListener.log Command line argument:             --add-opens=java.rmi/sun.rmi.transport=ALL-UNNAMED
28-Jun-2024 19:00:57.794 INFO [main] org.apache.catalina.startup.VersionLoggerListener.log Command line argument:             -Dcatalina.home=/home/vidic/Downloads/apache-tomcat-9.0.89
28-Jun-2024 19:00:57.794 INFO [main] org.apache.catalina.startup.VersionLoggerListener.log Command line argument:             -Dcatalina.base=/home/vidic/Downloads/DWI-PROJECT
28-Jun-2024 19:00:57.794 INFO [main] org.apache.catalina.startup.VersionLoggerListener.log Command line argument:             -Djava.io.tmpdir=/home/vidic/Downloads/DWI-PROJECT/temp
28-Jun-2024 19:00:57.794 INFO [main] org.apache.catalina.startup.VersionLoggerListener.log Command line argument:             -Djava.util.logging.config.file=/home/vidic/Downloads/DWI-PROJECT/conf/logging.properties
28-Jun-2024 19:00:57.794 INFO [main] org.apache.catalina.startup.VersionLoggerListener.log Command line argument:             -Djava.util.logging.manager=org.apache.juli.ClassLoaderLogManager
28-Jun-2024 19:00:57.795 INFO [main] org.apache.catalina.startup.VersionLoggerListener.log Command line argument:             -javaagent:/opt/idea/lib/idea_rt.jar=33917:/opt/idea/bin
28-Jun-2024 19:00:57.795 INFO [main] org.apache.catalina.startup.VersionLoggerListener.log Command line argument:             -Dfile.encoding=UTF-8
28-Jun-2024 19:00:57.795 INFO [main] org.apache.catalina.startup.VersionLoggerListener.log Command line argument:             -Dsun.stdout.encoding=UTF-8
28-Jun-2024 19:00:57.795 INFO [main] org.apache.catalina.startup.VersionLoggerListener.log Command line argument:             -Dsun.stderr.encoding=UTF-8
28-Jun-2024 19:00:57.795 INFO [main] org.apache.catalina.startup.VersionLoggerListener.log Command line argument:             -Dawt.useSystemAAFontSettings=on
28-Jun-2024 19:00:57.795 INFO [main] org.apache.catalina.startup.VersionLoggerListener.log Command line argument:             -Dswing.aatext=true
28-Jun-2024 19:00:57.798 INFO [main] org.apache.catalina.core.AprLifecycleListener.lifecycleEvent La biblioteca nativa de Apache Tomcat basada en ARP que permite un rendimiento óptimo en entornos de desarrollo no ha sido hallada en java.library.path: [/usr/java/packages/lib:/usr/lib64:/lib64:/lib:/usr/lib]
28-Jun-2024 19:00:58.398 INFO [main] org.apache.coyote.AbstractProtocol.init Inicializando el manejador de protocolo ["http-nio-8080"]

28-Jun-2024 19:00:58.432 INFO [main] org.apache.catalina.startup.Catalina.load Server initialization in [1043] milliseconds
28-Jun-2024 19:00:58.495 INFO [main] org.apache.catalina.core.StandardService.startInternal Arrancando servicio [Catalina]
28-Jun-2024 19:00:58.495 INFO [main] org.apache.catalina.core.StandardEngine.startInternal Starting Servlet engine: [Apache Tomcat/9.0.89]
28-Jun-2024 19:00:58.506 INFO [main] org.apache.catalina.startup.HostConfig.deployDescriptor Desplieque del descriptor de configuración [/home/vidic/Downloads/DWI-PROJECT/conf/Catalina/localhost/DWI-PROJECT.xml]
28-Jun-2024 19:00:59.040 INFO [main] org.apache.jasper.servlet.TldScanner.scanJars Al menos un JAR, que se ha explorado buscando TLDs, aún no contenía TLDs. Activar historial de depuración para este historiador para una completa lista de los JARs que fueron explorados y de los que nos se halló TLDs. Saltarse JARs no necesarios durante la exploración puede dar lugar a una mejora de tiempo significativa en el arranque y compilación de JSP .
28-Jun-2024 19:00:59.093 INFO [main] org.apache.catalina.startup.HostConfig.deployDescriptor Deployment of deployment descriptor [/home/vidic/Downloads/DWI-PROJECT/conf/Catalina/localhost/DWI-PROJECT.xml] has finished in [584] ms
28-Jun-2024 19:00:59.097 INFO [main] org.apache.coyote.AbstractProtocol.start Starting ProtocolHandler ["http-nio-8080"]
28-Jun-2024 19:00:59.106 INFO [main] org.apache.catalina.startup.Catalina.start Server startup in [672] milliseconds
28-Jun-2024 19:03:24.221 INFO [Thread-1] org.apache.coyote.AbstractProtocol.pause Pausing ProtocolHandler ["http-nio-8080"]
28-Jun-2024 19:03:24.222 INFO [Thread-1] org.apache.catalina.core.StandardService.stopInternal Parando servicio [Catalina]
28-Jun-2024 19:03:24.234 INFO [Thread-1] org.apache.coyote.AbstractProtocol.stop Stopping ProtocolHandler ["http-nio-8080"]
28-Jun-2024 19:03:24.245 INFO [Thread-1] org.apache.coyote.AbstractProtocol.destroy Destroying ProtocolHandler ["http-nio-8080"]
28-Jun-2024 19:03:26.166 INFO [main] org.apache.catalina.startup.VersionLoggerListener.log Nombre de la versión del servidor: Apache Tomcat/9.0.89
28-Jun-2024 19:03:26.170 INFO [main] org.apache.catalina.startup.VersionLoggerListener.log Server built:                      May 3 2024 20:22:11 UTC
28-Jun-2024 19:03:26.170 INFO [main] org.apache.catalina.startup.VersionLoggerListener.log Número de versión de servidor:     9.0.89.0
28-Jun-2024 19:03:26.170 INFO [main] org.apache.catalina.startup.VersionLoggerListener.log OS Name:                           Linux
28-Jun-2024 19:03:26.171 INFO [main] org.apache.catalina.startup.VersionLoggerListener.log Versión de Systema Operativo:      6.8.11-amd64
28-Jun-2024 19:03:26.171 INFO [main] org.apache.catalina.startup.VersionLoggerListener.log Arquitectura:                      amd64
28-Jun-2024 19:03:26.171 INFO [main] org.apache.catalina.startup.VersionLoggerListener.log Java Home:                         /home/vidic/.jdks/openjdk-22.0.1
28-Jun-2024 19:03:26.171 INFO [main] org.apache.catalina.startup.VersionLoggerListener.log JVM Version:                       22.0.1+8-16
28-Jun-2024 19:03:26.171 INFO [main] org.apache.catalina.startup.VersionLoggerListener.log Vededor JVM:                       Oracle Corporation
28-Jun-2024 19:03:26.171 INFO [main] org.apache.catalina.startup.VersionLoggerListener.log CATALINA_BASE:                     /home/vidic/Downloads/DWI-PROJECT
28-Jun-2024 19:03:26.171 INFO [main] org.apache.catalina.startup.VersionLoggerListener.log CATALINA_HOME:                     /home/vidic/Downloads/apache-tomcat-9.0.89
28-Jun-2024 19:03:26.180 INFO [main] org.apache.catalina.startup.VersionLoggerListener.log Command line argument:             --add-opens=java.base/java.lang=ALL-UNNAMED
28-Jun-2024 19:03:26.180 INFO [main] org.apache.catalina.startup.VersionLoggerListener.log Command line argument:             --add-opens=java.base/java.io=ALL-UNNAMED
28-Jun-2024 19:03:26.180 INFO [main] org.apache.catalina.startup.VersionLoggerListener.log Command line argument:             --add-opens=java.base/java.util=ALL-UNNAMED
28-Jun-2024 19:03:26.181 INFO [main] org.apache.catalina.startup.VersionLoggerListener.log Command line argument:             --add-opens=java.base/java.util.concurrent=ALL-UNNAMED
28-Jun-2024 19:03:26.181 INFO [main] org.apache.catalina.startup.VersionLoggerListener.log Command line argument:             --add-opens=java.rmi/sun.rmi.transport=ALL-UNNAMED
28-Jun-2024 19:03:26.181 INFO [main] org.apache.catalina.startup.VersionLoggerListener.log Command line argument:             -Dcatalina.home=/home/vidic/Downloads/apache-tomcat-9.0.89
28-Jun-2024 19:03:26.181 INFO [main] org.apache.catalina.startup.VersionLoggerListener.log Command line argument:             -Dcatalina.base=/home/vidic/Downloads/DWI-PROJECT
28-Jun-2024 19:03:26.181 INFO [main] org.apache.catalina.startup.VersionLoggerListener.log Command line argument:             -Djava.io.tmpdir=/home/vidic/Downloads/DWI-PROJECT/temp
28-Jun-2024 19:03:26.181 INFO [main] org.apache.catalina.startup.VersionLoggerListener.log Command line argument:             -Djava.util.logging.config.file=/home/vidic/Downloads/DWI-PROJECT/conf/logging.properties
28-Jun-2024 19:03:26.181 INFO [main] org.apache.catalina.startup.VersionLoggerListener.log Command line argument:             -Djava.util.logging.manager=org.apache.juli.ClassLoaderLogManager
28-Jun-2024 19:03:26.181 INFO [main] org.apache.catalina.startup.VersionLoggerListener.log Command line argument:             -javaagent:/opt/idea/lib/idea_rt.jar=36399:/opt/idea/bin
28-Jun-2024 19:03:26.181 INFO [main] org.apache.catalina.startup.VersionLoggerListener.log Command line argument:             -Dfile.encoding=UTF-8
28-Jun-2024 19:03:26.182 INFO [main] org.apache.catalina.startup.VersionLoggerListener.log Command line argument:             -Dsun.stdout.encoding=UTF-8
28-Jun-2024 19:03:26.182 INFO [main] org.apache.catalina.startup.VersionLoggerListener.log Command line argument:             -Dsun.stderr.encoding=UTF-8
28-Jun-2024 19:03:26.182 INFO [main] org.apache.catalina.startup.VersionLoggerListener.log Command line argument:             -Dawt.useSystemAAFontSettings=on
28-Jun-2024 19:03:26.182 INFO [main] org.apache.catalina.startup.VersionLoggerListener.log Command line argument:             -Dswing.aatext=true
28-Jun-2024 19:03:26.184 INFO [main] org.apache.catalina.core.AprLifecycleListener.lifecycleEvent La biblioteca nativa de Apache Tomcat basada en ARP que permite un rendimiento óptimo en entornos de desarrollo no ha sido hallada en java.library.path: [/usr/java/packages/lib:/usr/lib64:/lib64:/lib:/usr/lib]
28-Jun-2024 19:03:26.656 INFO [main] org.apache.coyote.AbstractProtocol.init Inicializando el manejador de protocolo ["http-nio-8080"]

28-Jun-2024 19:03:26.676 INFO [main] org.apache.catalina.startup.Catalina.load Server initialization in [936] milliseconds
28-Jun-2024 19:03:26.731 INFO [main] org.apache.catalina.core.StandardService.startInternal Arrancando servicio [Catalina]
28-Jun-2024 19:03:26.731 INFO [main] org.apache.catalina.core.StandardEngine.startInternal Starting Servlet engine: [Apache Tomcat/9.0.89]
28-Jun-2024 19:03:26.741 INFO [main] org.apache.catalina.startup.HostConfig.deployDescriptor Desplieque del descriptor de configuración [/home/vidic/Downloads/DWI-PROJECT/conf/Catalina/localhost/DWI-PROJECT.xml]
28-Jun-2024 19:03:27.228 INFO [main] org.apache.jasper.servlet.TldScanner.scanJars Al menos un JAR, que se ha explorado buscando TLDs, aún no contenía TLDs. Activar historial de depuración para este historiador para una completa lista de los JARs que fueron explorados y de los que nos se halló TLDs. Saltarse JARs no necesarios durante la exploración puede dar lugar a una mejora de tiempo significativa en el arranque y compilación de JSP .
28-Jun-2024 19:03:27.287 INFO [main] org.apache.catalina.startup.HostConfig.deployDescriptor Deployment of deployment descriptor [/home/vidic/Downloads/DWI-PROJECT/conf/Catalina/localhost/DWI-PROJECT.xml] has finished in [543] ms
28-Jun-2024 19:03:27.291 INFO [main] org.apache.coyote.AbstractProtocol.start Starting ProtocolHandler ["http-nio-8080"]
28-Jun-2024 19:03:27.300 INFO [main] org.apache.catalina.startup.Catalina.start Server startup in [622] milliseconds
28-Jun-2024 19:07:54.260 INFO [Thread-1] org.apache.coyote.AbstractProtocol.pause Pausing ProtocolHandler ["http-nio-8080"]
28-Jun-2024 19:07:54.262 INFO [Thread-1] org.apache.catalina.core.StandardService.stopInternal Parando servicio [Catalina]
28-Jun-2024 19:07:54.278 INFO [Thread-1] org.apache.coyote.AbstractProtocol.stop Stopping ProtocolHandler ["http-nio-8080"]
28-Jun-2024 19:07:54.285 INFO [Thread-1] org.apache.coyote.AbstractProtocol.destroy Destroying ProtocolHandler ["http-nio-8080"]
28-Jun-2024 19:07:56.296 INFO [main] org.apache.catalina.startup.VersionLoggerListener.log Nombre de la versión del servidor: Apache Tomcat/9.0.89
28-Jun-2024 19:07:56.300 INFO [main] org.apache.catalina.startup.VersionLoggerListener.log Server built:                      May 3 2024 20:22:11 UTC
28-Jun-2024 19:07:56.301 INFO [main] org.apache.catalina.startup.VersionLoggerListener.log Número de versión de servidor:     9.0.89.0
28-Jun-2024 19:07:56.301 INFO [main] org.apache.catalina.startup.VersionLoggerListener.log OS Name:                           Linux
28-Jun-2024 19:07:56.301 INFO [main] org.apache.catalina.startup.VersionLoggerListener.log Versión de Systema Operativo:      6.8.11-amd64
28-Jun-2024 19:07:56.302 INFO [main] org.apache.catalina.startup.VersionLoggerListener.log Arquitectura:                      amd64
28-Jun-2024 19:07:56.302 INFO [main] org.apache.catalina.startup.VersionLoggerListener.log Java Home:                         /home/vidic/.jdks/openjdk-22.0.1
28-Jun-2024 19:07:56.302 INFO [main] org.apache.catalina.startup.VersionLoggerListener.log JVM Version:                       22.0.1+8-16
28-Jun-2024 19:07:56.302 INFO [main] org.apache.catalina.startup.VersionLoggerListener.log Vededor JVM:                       Oracle Corporation
28-Jun-2024 19:07:56.303 INFO [main] org.apache.catalina.startup.VersionLoggerListener.log CATALINA_BASE:                     /home/vidic/Downloads/DWI-PROJECT
28-Jun-2024 19:07:56.303 INFO [main] org.apache.catalina.startup.VersionLoggerListener.log CATALINA_HOME:                     /home/vidic/Downloads/apache-tomcat-9.0.89
28-Jun-2024 19:07:56.312 INFO [main] org.apache.catalina.startup.VersionLoggerListener.log Command line argument:             --add-opens=java.base/java.lang=ALL-UNNAMED
28-Jun-2024 19:07:56.312 INFO [main] org.apache.catalina.startup.VersionLoggerListener.log Command line argument:             --add-opens=java.base/java.io=ALL-UNNAMED
28-Jun-2024 19:07:56.312 INFO [main] org.apache.catalina.startup.VersionLoggerListener.log Command line argument:             --add-opens=java.base/java.util=ALL-UNNAMED
28-Jun-2024 19:07:56.312 INFO [main] org.apache.catalina.startup.VersionLoggerListener.log Command line argument:             --add-opens=java.base/java.util.concurrent=ALL-UNNAMED
28-Jun-2024 19:07:56.312 INFO [main] org.apache.catalina.startup.VersionLoggerListener.log Command line argument:             --add-opens=java.rmi/sun.rmi.transport=ALL-UNNAMED
28-Jun-2024 19:07:56.312 INFO [main] org.apache.catalina.startup.VersionLoggerListener.log Command line argument:             -Dcatalina.home=/home/vidic/Downloads/apache-tomcat-9.0.89
28-Jun-2024 19:07:56.313 INFO [main] org.apache.catalina.startup.VersionLoggerListener.log Command line argument:             -Dcatalina.base=/home/vidic/Downloads/DWI-PROJECT
28-Jun-2024 19:07:56.313 INFO [main] org.apache.catalina.startup.VersionLoggerListener.log Command line argument:             -Djava.io.tmpdir=/home/vidic/Downloads/DWI-PROJECT/temp
28-Jun-2024 19:07:56.313 INFO [main] org.apache.catalina.startup.VersionLoggerListener.log Command line argument:             -Djava.util.logging.config.file=/home/vidic/Downloads/DWI-PROJECT/conf/logging.properties
28-Jun-2024 19:07:56.313 INFO [main] org.apache.catalina.startup.VersionLoggerListener.log Command line argument:             -Djava.util.logging.manager=org.apache.juli.ClassLoaderLogManager
28-Jun-2024 19:07:56.313 INFO [main] org.apache.catalina.startup.VersionLoggerListener.log Command line argument:             -javaagent:/opt/idea/lib/idea_rt.jar=36203:/opt/idea/bin
28-Jun-2024 19:07:56.313 INFO [main] org.apache.catalina.startup.VersionLoggerListener.log Command line argument:             -Dfile.encoding=UTF-8
28-Jun-2024 19:07:56.313 INFO [main] org.apache.catalina.startup.VersionLoggerListener.log Command line argument:             -Dsun.stdout.encoding=UTF-8
28-Jun-2024 19:07:56.313 INFO [main] org.apache.catalina.startup.VersionLoggerListener.log Command line argument:             -Dsun.stderr.encoding=UTF-8
28-Jun-2024 19:07:56.313 INFO [main] org.apache.catalina.startup.VersionLoggerListener.log Command line argument:             -Dawt.useSystemAAFontSettings=on
28-Jun-2024 19:07:56.314 INFO [main] org.apache.catalina.startup.VersionLoggerListener.log Command line argument:             -Dswing.aatext=true
28-Jun-2024 19:07:56.316 INFO [main] org.apache.catalina.core.AprLifecycleListener.lifecycleEvent La biblioteca nativa de Apache Tomcat basada en ARP que permite un rendimiento óptimo en entornos de desarrollo no ha sido hallada en java.library.path: [/usr/java/packages/lib:/usr/lib64:/lib64:/lib:/usr/lib]
28-Jun-2024 19:07:56.805 INFO [main] org.apache.coyote.AbstractProtocol.init Inicializando el manejador de protocolo ["http-nio-8080"]

28-Jun-2024 19:07:56.833 INFO [main] org.apache.catalina.startup.Catalina.load Server initialization in [830] milliseconds
28-Jun-2024 19:07:56.895 INFO [main] org.apache.catalina.core.StandardService.startInternal Arrancando servicio [Catalina]
28-Jun-2024 19:07:56.895 INFO [main] org.apache.catalina.core.StandardEngine.startInternal Starting Servlet engine: [Apache Tomcat/9.0.89]
28-Jun-2024 19:07:56.905 INFO [main] org.apache.catalina.startup.HostConfig.deployDescriptor Desplieque del descriptor de configuración [/home/vidic/Downloads/DWI-PROJECT/conf/Catalina/localhost/DWI-PROJECT.xml]
28-Jun-2024 19:07:57.426 INFO [main] org.apache.jasper.servlet.TldScanner.scanJars Al menos un JAR, que se ha explorado buscando TLDs, aún no contenía TLDs. Activar historial de depuración para este historiador para una completa lista de los JARs que fueron explorados y de los que nos se halló TLDs. Saltarse JARs no necesarios durante la exploración puede dar lugar a una mejora de tiempo significativa en el arranque y compilación de JSP .
28-Jun-2024 19:07:57.486 INFO [main] org.apache.catalina.startup.HostConfig.deployDescriptor Deployment of deployment descriptor [/home/vidic/Downloads/DWI-PROJECT/conf/Catalina/localhost/DWI-PROJECT.xml] has finished in [577] ms
28-Jun-2024 19:07:57.491 INFO [main] org.apache.coyote.AbstractProtocol.start Starting ProtocolHandler ["http-nio-8080"]
28-Jun-2024 19:07:57.500 INFO [main] org.apache.catalina.startup.Catalina.start Server startup in [665] milliseconds
28-Jun-2024 19:09:23.645 INFO [Thread-1] org.apache.coyote.AbstractProtocol.pause Pausing ProtocolHandler ["http-nio-8080"]
28-Jun-2024 19:09:23.646 INFO [Thread-1] org.apache.catalina.core.StandardService.stopInternal Parando servicio [Catalina]
28-Jun-2024 19:09:23.657 INFO [Thread-1] org.apache.coyote.AbstractProtocol.stop Stopping ProtocolHandler ["http-nio-8080"]
28-Jun-2024 19:09:23.669 INFO [Thread-1] org.apache.coyote.AbstractProtocol.destroy Destroying ProtocolHandler ["http-nio-8080"]
28-Jun-2024 19:09:25.558 INFO [main] org.apache.catalina.startup.VersionLoggerListener.log Nombre de la versión del servidor: Apache Tomcat/9.0.89
28-Jun-2024 19:09:25.563 INFO [main] org.apache.catalina.startup.VersionLoggerListener.log Server built:                      May 3 2024 20:22:11 UTC
28-Jun-2024 19:09:25.564 INFO [main] org.apache.catalina.startup.VersionLoggerListener.log Número de versión de servidor:     9.0.89.0
28-Jun-2024 19:09:25.564 INFO [main] org.apache.catalina.startup.VersionLoggerListener.log OS Name:                           Linux
28-Jun-2024 19:09:25.564 INFO [main] org.apache.catalina.startup.VersionLoggerListener.log Versión de Systema Operativo:      6.8.11-amd64
28-Jun-2024 19:09:25.564 INFO [main] org.apache.catalina.startup.VersionLoggerListener.log Arquitectura:                      amd64
28-Jun-2024 19:09:25.565 INFO [main] org.apache.catalina.startup.VersionLoggerListener.log Java Home:                         /home/vidic/.jdks/openjdk-22.0.1
28-Jun-2024 19:09:25.565 INFO [main] org.apache.catalina.startup.VersionLoggerListener.log JVM Version:                       22.0.1+8-16
28-Jun-2024 19:09:25.565 INFO [main] org.apache.catalina.startup.VersionLoggerListener.log Vededor JVM:                       Oracle Corporation
28-Jun-2024 19:09:25.566 INFO [main] org.apache.catalina.startup.VersionLoggerListener.log CATALINA_BASE:                     /home/vidic/Downloads/DWI-PROJECT
28-Jun-2024 19:09:25.566 INFO [main] org.apache.catalina.startup.VersionLoggerListener.log CATALINA_HOME:                     /home/vidic/Downloads/apache-tomcat-9.0.89
28-Jun-2024 19:09:25.576 INFO [main] org.apache.catalina.startup.VersionLoggerListener.log Command line argument:             --add-opens=java.base/java.lang=ALL-UNNAMED
28-Jun-2024 19:09:25.576 INFO [main] org.apache.catalina.startup.VersionLoggerListener.log Command line argument:             --add-opens=java.base/java.io=ALL-UNNAMED
28-Jun-2024 19:09:25.576 INFO [main] org.apache.catalina.startup.VersionLoggerListener.log Command line argument:             --add-opens=java.base/java.util=ALL-UNNAMED
28-Jun-2024 19:09:25.577 INFO [main] org.apache.catalina.startup.VersionLoggerListener.log Command line argument:             --add-opens=java.base/java.util.concurrent=ALL-UNNAMED
28-Jun-2024 19:09:25.577 INFO [main] org.apache.catalina.startup.VersionLoggerListener.log Command line argument:             --add-opens=java.rmi/sun.rmi.transport=ALL-UNNAMED
28-Jun-2024 19:09:25.577 INFO [main] org.apache.catalina.startup.VersionLoggerListener.log Command line argument:             -Dcatalina.home=/home/vidic/Downloads/apache-tomcat-9.0.89
28-Jun-2024 19:09:25.577 INFO [main] org.apache.catalina.startup.VersionLoggerListener.log Command line argument:             -Dcatalina.base=/home/vidic/Downloads/DWI-PROJECT
28-Jun-2024 19:09:25.577 INFO [main] org.apache.catalina.startup.VersionLoggerListener.log Command line argument:             -Djava.io.tmpdir=/home/vidic/Downloads/DWI-PROJECT/temp
28-Jun-2024 19:09:25.577 INFO [main] org.apache.catalina.startup.VersionLoggerListener.log Command line argument:             -Djava.util.logging.config.file=/home/vidic/Downloads/DWI-PROJECT/conf/logging.properties
28-Jun-2024 19:09:25.577 INFO [main] org.apache.catalina.startup.VersionLoggerListener.log Command line argument:             -Djava.util.logging.manager=org.apache.juli.ClassLoaderLogManager
28-Jun-2024 19:09:25.577 INFO [main] org.apache.catalina.startup.VersionLoggerListener.log Command line argument:             -javaagent:/opt/idea/lib/idea_rt.jar=36585:/opt/idea/bin
28-Jun-2024 19:09:25.578 INFO [main] org.apache.catalina.startup.VersionLoggerListener.log Command line argument:             -Dfile.encoding=UTF-8
28-Jun-2024 19:09:25.578 INFO [main] org.apache.catalina.startup.VersionLoggerListener.log Command line argument:             -Dsun.stdout.encoding=UTF-8
28-Jun-2024 19:09:25.578 INFO [main] org.apache.catalina.startup.VersionLoggerListener.log Command line argument:             -Dsun.stderr.encoding=UTF-8
28-Jun-2024 19:09:25.578 INFO [main] org.apache.catalina.startup.VersionLoggerListener.log Command line argument:             -Dawt.useSystemAAFontSettings=on
28-Jun-2024 19:09:25.578 INFO [main] org.apache.catalina.startup.VersionLoggerListener.log Command line argument:             -Dswing.aatext=true
28-Jun-2024 19:09:25.580 INFO [main] org.apache.catalina.core.AprLifecycleListener.lifecycleEvent La biblioteca nativa de Apache Tomcat basada en ARP que permite un rendimiento óptimo en entornos de desarrollo no ha sido hallada en java.library.path: [/usr/java/packages/lib:/usr/lib64:/lib64:/lib:/usr/lib]
28-Jun-2024 19:09:26.105 INFO [main] org.apache.coyote.AbstractProtocol.init Inicializando el manejador de protocolo ["http-nio-8080"]

28-Jun-2024 19:09:26.134 INFO [main] org.apache.catalina.startup.Catalina.load Server initialization in [957] milliseconds
28-Jun-2024 19:09:26.200 INFO [main] org.apache.catalina.core.StandardService.startInternal Arrancando servicio [Catalina]
28-Jun-2024 19:09:26.201 INFO [main] org.apache.catalina.core.StandardEngine.startInternal Starting Servlet engine: [Apache Tomcat/9.0.89]
28-Jun-2024 19:09:26.212 INFO [main] org.apache.catalina.startup.HostConfig.deployDescriptor Desplieque del descriptor de configuración [/home/vidic/Downloads/DWI-PROJECT/conf/Catalina/localhost/DWI-PROJECT.xml]
28-Jun-2024 19:09:26.755 INFO [main] org.apache.jasper.servlet.TldScanner.scanJars Al menos un JAR, que se ha explorado buscando TLDs, aún no contenía TLDs. Activar historial de depuración para este historiador para una completa lista de los JARs que fueron explorados y de los que nos se halló TLDs. Saltarse JARs no necesarios durante la exploración puede dar lugar a una mejora de tiempo significativa en el arranque y compilación de JSP .
28-Jun-2024 19:09:26.808 INFO [main] org.apache.catalina.startup.HostConfig.deployDescriptor Deployment of deployment descriptor [/home/vidic/Downloads/DWI-PROJECT/conf/Catalina/localhost/DWI-PROJECT.xml] has finished in [593] ms
28-Jun-2024 19:09:26.812 INFO [main] org.apache.coyote.AbstractProtocol.start Starting ProtocolHandler ["http-nio-8080"]
28-Jun-2024 19:09:26.820 INFO [main] org.apache.catalina.startup.Catalina.start Server startup in [684] milliseconds
28-Jun-2024 19:23:16.036 INFO [Thread-1] org.apache.coyote.AbstractProtocol.pause Pausing ProtocolHandler ["http-nio-8080"]
28-Jun-2024 19:23:16.039 INFO [Thread-1] org.apache.catalina.core.StandardService.stopInternal Parando servicio [Catalina]
28-Jun-2024 19:23:16.052 INFO [Thread-1] org.apache.coyote.AbstractProtocol.stop Stopping ProtocolHandler ["http-nio-8080"]
28-Jun-2024 19:23:16.064 INFO [Thread-1] org.apache.coyote.AbstractProtocol.destroy Destroying ProtocolHandler ["http-nio-8080"]
