01-Jul-2024 11:50:00.974 INFO [main] org.apache.catalina.startup.VersionLoggerListener.log Nombre de la versión del servidor: Apache Tomcat/9.0.89
01-Jul-2024 11:50:00.980 INFO [main] org.apache.catalina.startup.VersionLoggerListener.log Server built:                      May 3 2024 20:22:11 UTC
01-Jul-2024 11:50:00.981 INFO [main] org.apache.catalina.startup.VersionLoggerListener.log Número de versión de servidor:     9.0.89.0
01-Jul-2024 11:50:00.982 INFO [main] org.apache.catalina.startup.VersionLoggerListener.log OS Name:                           Linux
01-Jul-2024 11:50:00.982 INFO [main] org.apache.catalina.startup.VersionLoggerListener.log Versión de Systema Operativo:      6.8.11-amd64
01-Jul-2024 11:50:00.982 INFO [main] org.apache.catalina.startup.VersionLoggerListener.log Arquitectura:                      amd64
01-Jul-2024 11:50:00.983 INFO [main] org.apache.catalina.startup.VersionLoggerListener.log Java Home:                         /home/vidic/.jdks/openjdk-22.0.1
01-Jul-2024 11:50:00.983 INFO [main] org.apache.catalina.startup.VersionLoggerListener.log JVM Version:                       22.0.1+8-16
01-Jul-2024 11:50:00.983 INFO [main] org.apache.catalina.startup.VersionLoggerListener.log Vededor JVM:                       Oracle Corporation
01-Jul-2024 11:50:00.983 INFO [main] org.apache.catalina.startup.VersionLoggerListener.log CATALINA_BASE:                     /home/vidic/Downloads/DWI-PROJECT
01-Jul-2024 11:50:00.984 INFO [main] org.apache.catalina.startup.VersionLoggerListener.log CATALINA_HOME:                     /home/vidic/Downloads/apache-tomcat-9.0.89
01-Jul-2024 11:50:00.993 INFO [main] org.apache.catalina.startup.VersionLoggerListener.log Command line argument:             --add-opens=java.base/java.lang=ALL-UNNAMED
01-Jul-2024 11:50:00.994 INFO [main] org.apache.catalina.startup.VersionLoggerListener.log Command line argument:             --add-opens=java.base/java.io=ALL-UNNAMED
01-Jul-2024 11:50:00.994 INFO [main] org.apache.catalina.startup.VersionLoggerListener.log Command line argument:             --add-opens=java.base/java.util=ALL-UNNAMED
01-Jul-2024 11:50:00.994 INFO [main] org.apache.catalina.startup.VersionLoggerListener.log Command line argument:             --add-opens=java.base/java.util.concurrent=ALL-UNNAMED
01-Jul-2024 11:50:00.994 INFO [main] org.apache.catalina.startup.VersionLoggerListener.log Command line argument:             --add-opens=java.rmi/sun.rmi.transport=ALL-UNNAMED
01-Jul-2024 11:50:00.994 INFO [main] org.apache.catalina.startup.VersionLoggerListener.log Command line argument:             -Dcatalina.home=/home/vidic/Downloads/apache-tomcat-9.0.89
01-Jul-2024 11:50:00.994 INFO [main] org.apache.catalina.startup.VersionLoggerListener.log Command line argument:             -Dcatalina.base=/home/vidic/Downloads/DWI-PROJECT
01-Jul-2024 11:50:00.994 INFO [main] org.apache.catalina.startup.VersionLoggerListener.log Command line argument:             -Djava.io.tmpdir=/home/vidic/Downloads/DWI-PROJECT/temp
01-Jul-2024 11:50:00.994 INFO [main] org.apache.catalina.startup.VersionLoggerListener.log Command line argument:             -Djava.util.logging.config.file=/home/vidic/Downloads/DWI-PROJECT/conf/logging.properties
01-Jul-2024 11:50:00.994 INFO [main] org.apache.catalina.startup.VersionLoggerListener.log Command line argument:             -Djava.util.logging.manager=org.apache.juli.ClassLoaderLogManager
01-Jul-2024 11:50:00.994 INFO [main] org.apache.catalina.startup.VersionLoggerListener.log Command line argument:             -javaagent:/opt/idea/lib/idea_rt.jar=44759:/opt/idea/bin
01-Jul-2024 11:50:00.995 INFO [main] org.apache.catalina.startup.VersionLoggerListener.log Command line argument:             -Dfile.encoding=UTF-8
01-Jul-2024 11:50:00.995 INFO [main] org.apache.catalina.startup.VersionLoggerListener.log Command line argument:             -Dsun.stdout.encoding=UTF-8
01-Jul-2024 11:50:00.995 INFO [main] org.apache.catalina.startup.VersionLoggerListener.log Command line argument:             -Dsun.stderr.encoding=UTF-8
01-Jul-2024 11:50:00.995 INFO [main] org.apache.catalina.startup.VersionLoggerListener.log Command line argument:             -Dawt.useSystemAAFontSettings=on
01-Jul-2024 11:50:00.995 INFO [main] org.apache.catalina.startup.VersionLoggerListener.log Command line argument:             -Dswing.aatext=true
01-Jul-2024 11:50:00.997 INFO [main] org.apache.catalina.core.AprLifecycleListener.lifecycleEvent La biblioteca nativa de Apache Tomcat basada en ARP que permite un rendimiento óptimo en entornos de desarrollo no ha sido hallada en java.library.path: [/usr/java/packages/lib:/usr/lib64:/lib64:/lib:/usr/lib]
01-Jul-2024 11:50:01.685 INFO [main] org.apache.coyote.AbstractProtocol.init Inicializando el manejador de protocolo ["http-nio-8080"]

01-Jul-2024 11:50:01.753 INFO [main] org.apache.catalina.startup.Catalina.load Server initialization in [1206] milliseconds
01-Jul-2024 11:50:01.869 INFO [main] org.apache.catalina.core.StandardService.startInternal Arrancando servicio [Catalina]
01-Jul-2024 11:50:01.870 INFO [main] org.apache.catalina.core.StandardEngine.startInternal Starting Servlet engine: [Apache Tomcat/9.0.89]
01-Jul-2024 11:50:01.889 INFO [main] org.apache.catalina.startup.HostConfig.deployDescriptor Desplieque del descriptor de configuración [/home/vidic/Downloads/DWI-PROJECT/conf/Catalina/localhost/DWI-PROJECT.xml]
01-Jul-2024 11:50:02.467 INFO [main] org.apache.jasper.servlet.TldScanner.scanJars Al menos un JAR, que se ha explorado buscando TLDs, aún no contenía TLDs. Activar historial de depuración para este historiador para una completa lista de los JARs que fueron explorados y de los que nos se halló TLDs. Saltarse JARs no necesarios durante la exploración puede dar lugar a una mejora de tiempo significativa en el arranque y compilación de JSP .
01-Jul-2024 11:50:02.525 INFO [main] org.apache.catalina.startup.HostConfig.deployDescriptor Deployment of deployment descriptor [/home/vidic/Downloads/DWI-PROJECT/conf/Catalina/localhost/DWI-PROJECT.xml] has finished in [633] ms
01-Jul-2024 11:50:02.529 INFO [main] org.apache.coyote.AbstractProtocol.start Starting ProtocolHandler ["http-nio-8080"]
01-Jul-2024 11:50:02.541 INFO [main] org.apache.catalina.startup.Catalina.start Server startup in [784] milliseconds
01-Jul-2024 11:52:34.050 INFO [Thread-1] org.apache.coyote.AbstractProtocol.pause Pausing ProtocolHandler ["http-nio-8080"]
01-Jul-2024 11:52:34.052 INFO [Thread-1] org.apache.catalina.core.StandardService.stopInternal Parando servicio [Catalina]
01-Jul-2024 11:52:34.070 INFO [Thread-1] org.apache.coyote.AbstractProtocol.stop Stopping ProtocolHandler ["http-nio-8080"]
01-Jul-2024 11:52:34.076 INFO [Thread-1] org.apache.coyote.AbstractProtocol.destroy Destroying ProtocolHandler ["http-nio-8080"]
