11-Jun-2024 17:44:18.292 INFO [main] org.apache.catalina.startup.VersionLoggerListener.log Server version name:   Apache Tomcat/9.0.89
11-Jun-2024 17:44:18.298 INFO [main] org.apache.catalina.startup.VersionLoggerListener.log Server built:          May 3 2024 20:22:11 UTC
11-Jun-2024 17:44:18.298 INFO [main] org.apache.catalina.startup.VersionLoggerListener.log Server version number: 9.0.89.0
11-Jun-2024 17:44:18.298 INFO [main] org.apache.catalina.startup.VersionLoggerListener.log OS Name:               Linux
11-Jun-2024 17:44:18.299 INFO [main] org.apache.catalina.startup.VersionLoggerListener.log OS Version:            6.8.11-amd64
11-Jun-2024 17:44:18.299 INFO [main] org.apache.catalina.startup.VersionLoggerListener.log Architecture:          amd64
11-Jun-2024 17:44:18.299 INFO [main] org.apache.catalina.startup.VersionLoggerListener.log Java Home:             /home/vidic/.jdks/openjdk-22.0.1
11-Jun-2024 17:44:18.299 INFO [main] org.apache.catalina.startup.VersionLoggerListener.log JVM Version:           22.0.1+8-16
11-Jun-2024 17:44:18.299 INFO [main] org.apache.catalina.startup.VersionLoggerListener.log JVM Vendor:            Oracle Corporation
11-Jun-2024 17:44:18.300 INFO [main] org.apache.catalina.startup.VersionLoggerListener.log CATALINA_BASE:         /home/vidic/Downloads/DWI-PROJECT
11-Jun-2024 17:44:18.300 INFO [main] org.apache.catalina.startup.VersionLoggerListener.log CATALINA_HOME:         /home/vidic/Downloads/apache-tomcat-9.0.89
11-Jun-2024 17:44:18.311 INFO [main] org.apache.catalina.startup.VersionLoggerListener.log Command line argument: --add-opens=java.base/java.lang=ALL-UNNAMED
11-Jun-2024 17:44:18.311 INFO [main] org.apache.catalina.startup.VersionLoggerListener.log Command line argument: --add-opens=java.base/java.io=ALL-UNNAMED
11-Jun-2024 17:44:18.311 INFO [main] org.apache.catalina.startup.VersionLoggerListener.log Command line argument: --add-opens=java.base/java.util=ALL-UNNAMED
11-Jun-2024 17:44:18.311 INFO [main] org.apache.catalina.startup.VersionLoggerListener.log Command line argument: --add-opens=java.base/java.util.concurrent=ALL-UNNAMED
11-Jun-2024 17:44:18.311 INFO [main] org.apache.catalina.startup.VersionLoggerListener.log Command line argument: --add-opens=java.rmi/sun.rmi.transport=ALL-UNNAMED
11-Jun-2024 17:44:18.311 INFO [main] org.apache.catalina.startup.VersionLoggerListener.log Command line argument: -Dcatalina.home=/home/vidic/Downloads/apache-tomcat-9.0.89
11-Jun-2024 17:44:18.312 INFO [main] org.apache.catalina.startup.VersionLoggerListener.log Command line argument: -Dcatalina.base=/home/vidic/Downloads/DWI-PROJECT
11-Jun-2024 17:44:18.312 INFO [main] org.apache.catalina.startup.VersionLoggerListener.log Command line argument: -Djava.io.tmpdir=/home/vidic/Downloads/DWI-PROJECT/temp
11-Jun-2024 17:44:18.312 INFO [main] org.apache.catalina.startup.VersionLoggerListener.log Command line argument: -Djava.util.logging.config.file=/home/vidic/Downloads/DWI-PROJECT/conf/logging.properties
11-Jun-2024 17:44:18.312 INFO [main] org.apache.catalina.startup.VersionLoggerListener.log Command line argument: -Djava.util.logging.manager=org.apache.juli.ClassLoaderLogManager
11-Jun-2024 17:44:18.312 INFO [main] org.apache.catalina.startup.VersionLoggerListener.log Command line argument: -javaagent:/opt/idea/lib/idea_rt.jar=40687:/opt/idea/bin
11-Jun-2024 17:44:18.313 INFO [main] org.apache.catalina.startup.VersionLoggerListener.log Command line argument: -Dfile.encoding=UTF-8
11-Jun-2024 17:44:18.313 INFO [main] org.apache.catalina.startup.VersionLoggerListener.log Command line argument: -Dsun.stdout.encoding=UTF-8
11-Jun-2024 17:44:18.313 INFO [main] org.apache.catalina.startup.VersionLoggerListener.log Command line argument: -Dsun.stderr.encoding=UTF-8
11-Jun-2024 17:44:18.313 INFO [main] org.apache.catalina.startup.VersionLoggerListener.log Command line argument: -Dawt.useSystemAAFontSettings=on
11-Jun-2024 17:44:18.313 INFO [main] org.apache.catalina.startup.VersionLoggerListener.log Command line argument: -Dswing.aatext=true
11-Jun-2024 17:44:18.316 INFO [main] org.apache.catalina.core.AprLifecycleListener.lifecycleEvent The Apache Tomcat Native library which allows using OpenSSL was not found on the java.library.path: [/usr/java/packages/lib:/usr/lib64:/lib64:/lib:/usr/lib]
11-Jun-2024 17:44:18.877 INFO [main] org.apache.coyote.AbstractProtocol.init Initializing ProtocolHandler ["http-nio-8080"]
11-Jun-2024 17:44:18.905 INFO [main] org.apache.catalina.startup.Catalina.load Server initialization in [954] milliseconds
11-Jun-2024 17:44:19.002 INFO [main] org.apache.catalina.core.StandardService.startInternal Starting service [Catalina]
11-Jun-2024 17:44:19.005 INFO [main] org.apache.catalina.core.StandardEngine.startInternal Starting Servlet engine: [Apache Tomcat/9.0.89]
11-Jun-2024 17:44:19.017 INFO [main] org.apache.catalina.startup.HostConfig.deployDescriptor Deploying deployment descriptor [/home/vidic/Downloads/DWI-PROJECT/conf/Catalina/localhost/DWI-PROJECT.xml]
11-Jun-2024 17:44:19.712 INFO [main] org.apache.jasper.servlet.TldScanner.scanJars At least one JAR was scanned for TLDs yet contained no TLDs. Enable debug logging for this logger for a complete list of JARs that were scanned but no TLDs were found in them. Skipping unneeded JARs during scanning can improve startup time and JSP compilation time.
11-Jun-2024 17:44:19.754 INFO [main] org.apache.catalina.startup.HostConfig.deployDescriptor Deployment of deployment descriptor [/home/vidic/Downloads/DWI-PROJECT/conf/Catalina/localhost/DWI-PROJECT.xml] has finished in [737] ms
11-Jun-2024 17:44:19.758 INFO [main] org.apache.coyote.AbstractProtocol.start Starting ProtocolHandler ["http-nio-8080"]
11-Jun-2024 17:44:19.767 INFO [main] org.apache.catalina.startup.Catalina.start Server startup in [860] milliseconds
11-Jun-2024 17:44:32.830 INFO [Thread-1] org.apache.coyote.AbstractProtocol.pause Pausing ProtocolHandler ["http-nio-8080"]
11-Jun-2024 17:44:32.832 INFO [Thread-1] org.apache.catalina.core.StandardService.stopInternal Stopping service [Catalina]
11-Jun-2024 17:44:32.849 INFO [Thread-1] org.apache.coyote.AbstractProtocol.stop Stopping ProtocolHandler ["http-nio-8080"]
11-Jun-2024 17:44:32.856 INFO [Thread-1] org.apache.coyote.AbstractProtocol.destroy Destroying ProtocolHandler ["http-nio-8080"]
